2025-05-22 11:33:42,712 INFO Set uid to user 0 succeeded
2025-05-22 11:33:42,713 INFO supervisord started with pid 1
2025-05-22 11:33:43,717 INFO spawned: 'satp-gateway' with pid 7
2025-05-22 11:33:44,719 INFO success: satp-gateway entered RUNNING state, process has stayed up for > than 1 seconds (startsecs)
2025-05-22 11:59:04,903 WARN received SIGTERM indicating exit request
2025-05-22 11:59:04,904 INFO waiting for satp-gateway to die
2025-05-22 11:59:04,941 WARN stopped: satp-gateway (exit status 143)
2025-05-22 11:59:06,882 INFO Set uid to user 0 succeeded
2025-05-22 11:59:06,884 INFO supervisord started with pid 1
2025-05-22 11:59:07,887 INFO spawned: 'satp-gateway' with pid 7
2025-05-22 11:59:08,890 INFO success: satp-gateway entered RUNNING state, process has stayed up for > than 1 seconds (startsecs)
2025-05-22 12:00:59,387 WARN received SIGTERM indicating exit request
2025-05-22 12:00:59,387 INFO waiting for satp-gateway to die
2025-05-22 12:00:59,425 WARN stopped: satp-gateway (exit status 143)
2025-05-22 12:01:01,215 INFO Set uid to user 0 succeeded
2025-05-22 12:01:01,216 INFO supervisord started with pid 1
2025-05-22 12:01:02,219 INFO spawned: 'satp-gateway' with pid 7
2025-05-22 12:01:03,220 INFO success: satp-gateway entered RUNNING state, process has stayed up for > than 1 seconds (startsecs)
2025-05-22 12:03:32,974 WARN received SIGTERM indicating exit request
2025-05-22 12:03:32,974 INFO waiting for satp-gateway to die
2025-05-22 12:03:33,016 WARN stopped: satp-gateway (exit status 143)
2025-05-22 12:03:35,201 INFO Set uid to user 0 succeeded
2025-05-22 12:03:35,212 INFO supervisord started with pid 1
2025-05-22 12:03:36,215 INFO spawned: 'satp-gateway' with pid 6
2025-05-22 12:03:37,217 INFO success: satp-gateway entered RUNNING state, process has stayed up for > than 1 seconds (startsecs)
2025-05-22 12:11:36,125 WARN received SIGTERM indicating exit request
2025-05-22 12:11:36,125 INFO waiting for satp-gateway to die
2025-05-22 12:11:36,170 WARN stopped: satp-gateway (exit status 143)
2025-05-22 12:11:38,984 INFO Set uid to user 0 succeeded
2025-05-22 12:11:38,987 INFO supervisord started with pid 1
2025-05-22 12:11:39,990 INFO spawned: 'satp-gateway' with pid 7
2025-05-22 12:11:40,992 INFO success: satp-gateway entered RUNNING state, process has stayed up for > than 1 seconds (startsecs)
2025-05-22 12:13:51,469 WARN received SIGTERM indicating exit request
2025-05-22 12:13:51,470 INFO waiting for satp-gateway to die
2025-05-22 12:13:51,516 WARN stopped: satp-gateway (exit status 143)
2025-05-22 12:13:53,339 INFO Set uid to user 0 succeeded
2025-05-22 12:13:53,341 INFO supervisord started with pid 1
2025-05-22 12:13:54,344 INFO spawned: 'satp-gateway' with pid 6
2025-05-22 12:13:55,346 INFO success: satp-gateway entered RUNNING state, process has stayed up for > than 1 seconds (startsecs)
2025-05-22 12:34:20,126 WARN received SIGTERM indicating exit request
2025-05-22 12:34:20,127 INFO waiting for satp-gateway to die
2025-05-22 12:34:20,179 WARN stopped: satp-gateway (exit status 143)
2025-05-22 12:34:25,596 INFO Set uid to user 0 succeeded
2025-05-22 12:34:25,598 INFO supervisord started with pid 1
2025-05-22 12:34:26,600 INFO spawned: 'satp-gateway' with pid 6
2025-05-22 12:34:27,602 INFO success: satp-gateway entered RUNNING state, process has stayed up for > than 1 seconds (startsecs)
2025-05-22 12:34:44,209 WARN received SIGTERM indicating exit request
2025-05-22 12:34:44,209 INFO waiting for satp-gateway to die
2025-05-22 12:34:44,255 WARN stopped: satp-gateway (exit status 143)
2025-05-22 12:34:46,193 INFO Set uid to user 0 succeeded
2025-05-22 12:34:46,195 INFO supervisord started with pid 1
2025-05-22 12:34:47,198 INFO spawned: 'satp-gateway' with pid 7
2025-05-22 12:34:48,200 INFO success: satp-gateway entered RUNNING state, process has stayed up for > than 1 seconds (startsecs)
2025-05-22 12:34:50,359 WARN exited: satp-gateway (exit status 255; not expected)
2025-05-22 12:34:51,362 INFO spawned: 'satp-gateway' with pid 36
2025-05-22 12:34:52,363 INFO success: satp-gateway entered RUNNING state, process has stayed up for > than 1 seconds (startsecs)
2025-05-22 12:34:54,579 WARN exited: satp-gateway (exit status 255; not expected)
2025-05-22 12:34:55,583 INFO spawned: 'satp-gateway' with pid 47
2025-05-22 12:34:56,585 INFO success: satp-gateway entered RUNNING state, process has stayed up for > than 1 seconds (startsecs)
2025-05-22 12:34:58,762 WARN exited: satp-gateway (exit status 255; not expected)
2025-05-22 12:34:59,765 INFO spawned: 'satp-gateway' with pid 76
2025-05-22 12:35:00,766 INFO success: satp-gateway entered RUNNING state, process has stayed up for > than 1 seconds (startsecs)
2025-05-22 12:35:03,231 WARN exited: satp-gateway (exit status 255; not expected)
2025-05-22 12:35:04,233 INFO spawned: 'satp-gateway' with pid 105
2025-05-22 12:35:05,234 INFO success: satp-gateway entered RUNNING state, process has stayed up for > than 1 seconds (startsecs)
2025-05-22 12:35:07,595 WARN exited: satp-gateway (exit status 255; not expected)
2025-05-22 12:35:08,599 INFO spawned: 'satp-gateway' with pid 134
2025-05-22 12:35:09,601 INFO success: satp-gateway entered RUNNING state, process has stayed up for > than 1 seconds (startsecs)
2025-05-22 12:35:11,942 WARN exited: satp-gateway (exit status 255; not expected)
2025-05-22 12:35:12,946 INFO spawned: 'satp-gateway' with pid 163
2025-05-22 12:35:13,948 INFO success: satp-gateway entered RUNNING state, process has stayed up for > than 1 seconds (startsecs)
2025-05-22 12:35:24,695 INFO Set uid to user 0 succeeded
2025-05-22 12:35:24,697 INFO supervisord started with pid 1
2025-05-22 12:35:25,700 INFO spawned: 'satp-gateway' with pid 7
2025-05-22 12:35:26,702 INFO success: satp-gateway entered RUNNING state, process has stayed up for > than 1 seconds (startsecs)
